   Compiling icu_properties v2.0.1
   Compiling crypto-common v0.1.6
   Compiling ahash v0.8.12
   Compiling icu_normalizer_data v2.0.0
   Compiling icu_properties_data v2.0.1
   Compiling getrandom v0.3.3
   Compiling serde v1.0.219
   Compiling parking_lot_core v0.9.11
   Compiling tracing v0.1.41
   Compiling idna_adapter v1.2.1
   Compiling num-traits v0.2.19
   Compiling paste v1.0.15
   Compiling block-buffer v0.10.4
   Compiling crossbeam-utils v0.8.21
   Compiling zerocopy v0.8.26
   Compiling socket2 v0.6.0
   Compiling mio v1.0.4
   Compiling futures-io v0.3.31
   Compiling allocator-api2 v0.2.21
   Compiling pin-utils v0.1.0
   Compiling minimal-lexical v0.2.1
   Compiling percent-encoding v2.3.1
   Compiling slab v0.4.10
   Compiling futures-task v0.3.31
   Compiling bytes v1.10.1
   Compiling utf8_iter v1.0.4
   Compiling rustls v0.21.12
   Compiling idna v1.0.3
   Compiling tokio v1.47.1
   Compiling futures-util v0.3.31
   Compiling form_urlencoded v1.2.1
   Compiling nom v7.1.3
   Compiling hashbrown v0.14.5
   Compiling digest v0.10.7
   Compiling icu_normalizer v2.0.0
   Compiling parking_lot v0.12.4
   Compiling rustls-webpki v0.101.7
   Compiling sct v0.7.1
   Compiling tracing-core v0.1.34
   Compiling thiserror v1.0.69
   Compiling futures-channel v0.3.31
   Compiling serde_json v1.0.142
   Compiling itoa v1.0.15
   Compiling rustix v1.0.8
   Compiling log v0.4.27
   Compiling base64 v0.21.7
   Compiling hashbrown v0.15.4
   Compiling iana-time-zone v0.1.63
   Compiling unicode_categories v0.1.1
   Compiling ryu v1.0.20
   Compiling cpufeatures v0.2.17
   Compiling crc-catalog v2.4.0
   Compiling equivalent v1.0.2
   Compiling indexmap v2.10.0
   Compiling crc v3.3.0
   Compiling sha2 v0.10.9
   Compiling sqlformat v0.2.6
   Compiling chrono v0.4.41
   Compiling rustls-pemfile v1.0.4
